{"level":"info","message":"Retrieved admin details with email allis@gmail.org","service":"teacher-service"}
{"level":"info","message":"AdminService.getAllAdmins: [object Object]","service":"teacher-service"}
{"level":"info","message":"Server now listening at http://localhost:5000","service":"IMS-Backend","timestamp":"Sunday, 12-02-2023 05:49:35 AM"}
{"level":"info","message":"Server now listening at http://localhost:5000","service":"IMS-Backend","timestamp":"Sunday, 12-02-2023 05:49:45 AM"}
{"level":"info","message":"Server now listening at http://localhost:5000","service":"IMS-Backend","timestamp":"Sunday, 12-02-2023 05:49:55 AM"}
{"level":"error","message":"Connection with the Mongodb Unsuccesful","service":"IMS-Backend","timestamp":"Sunday, 12-02-2023 05:50:01 AM"}
{"level":"info","message":"Server now listening at http://localhost:5000","service":"IMS-Backend","timestamp":"Sunday, 12-02-2023 05:50:41 AM"}
{"level":"info","message":"Server now listening at http://localhost:5000","service":"IMS-Backend","timestamp":"Sunday, 12-02-2023 05:50:51 AM"}
{"level":"info","message":"userCredentials","service":"IMS-Backend","timestamp":"Sunday, 12-02-2023 05:51:24 AM"}
{"level":"info","message":"Server now listening at http://localhost:5000","service":"IMS-Backend","timestamp":"Sunday, 12-02-2023 05:51:33 AM"}
{"level":"info","message":"Server now listening at http://localhost:5000","service":"IMS-Backend","timestamp":"Sunday, 12-02-2023 05:51:52 AM"}
{"level":"info","message":"Server now listening at http://localhost:5000","service":"IMS-Backend","timestamp":"Sunday, 12-02-2023 05:52:28 AM"}
{"level":"info","message":"Server now listening at http://localhost:5000","service":"IMS-Backend","timestamp":"Sunday, 12-02-2023 05:53:41 AM"}
{"level":"error","message":"Connection with the Mongodb Unsuccesful","service":"IMS-Backend","timestamp":"Sunday, 12-02-2023 05:53:58 AM"}
{"level":"info","message":"Server now listening at http://localhost:5000","service":"IMS-Backend","timestamp":"Sunday, 12-02-2023 05:54:23 AM"}
{"level":"error","message":"Connection with the Mongodb Unsuccesful","service":"IMS-Backend","timestamp":"Sunday, 12-02-2023 05:55:41 AM"}
{"level":"info","message":"Server now listening at http://localhost:5000","service":"IMS-Backend","timestamp":"Sunday, 12-02-2023 05:56:10 AM"}
{"level":"info","message":"Connection with Mongodb Succesfull","service":"IMS-Backend","timestamp":"Sunday, 12-02-2023 05:56:11 AM"}
{"level":"info","message":"Server now listening at http://localhost:5000","service":"IMS-Backend","timestamp":"Sunday, 12-02-2023 05:56:22 AM"}
{"level":"info","message":"Connection with Mongodb Succesfull","service":"IMS-Backend","timestamp":"Sunday, 12-02-2023 05:56:24 AM"}
{"level":"info","message":"Server now listening at http://localhost:5000","service":"IMS-Backend","timestamp":"Sunday, 12-02-2023 05:59:17 AM"}
{"level":"info","message":"Connection with Mongodb Succesfull","service":"IMS-Backend","timestamp":"Sunday, 12-02-2023 05:59:19 AM"}
{"level":"info","message":"Server now listening at http://localhost:5000","service":"IMS-Backend","timestamp":"Sunday, 12-02-2023 06:01:10 AM"}
{"level":"info","message":"Connection with Mongodb Succesfull","service":"IMS-Backend","timestamp":"Sunday, 12-02-2023 06:01:11 AM"}
{"level":"info","message":"Server now listening at http://localhost:5000","service":"IMS-Backend","timestamp":"Sunday, 12-02-2023 06:01:25 AM"}
{"level":"info","message":"Connection with Mongodb Succesfull","service":"IMS-Backend","timestamp":"Sunday, 12-02-2023 06:01:27 AM"}
{"level":"info","message":"Server now listening at http://localhost:5000","service":"IMS-Backend","timestamp":"Sunday, 12-02-2023 06:04:10 AM"}
{"level":"info","message":"Connection with Mongodb Succesfull","service":"IMS-Backend","timestamp":"Sunday, 12-02-2023 06:04:11 AM"}
{"level":"info","message":"Server now listening at http://localhost:5000","service":"IMS-Backend","timestamp":"Sunday, 12-02-2023 06:04:59 AM"}
{"level":"info","message":"Connection with Mongodb Succesfull","service":"IMS-Backend","timestamp":"Sunday, 12-02-2023 06:05:00 AM"}
{"level":"info","message":"Server now listening at http://localhost:5000","service":"IMS-Backend","timestamp":"Sunday, 12-02-2023 06:15:56 AM"}
{"level":"info","message":"Connection with Mongodb Succesfull","service":"IMS-Backend","timestamp":"Sunday, 12-02-2023 06:15:57 AM"}
{"level":"info","message":"Server now listening at http://localhost:5000","service":"IMS-Backend","timestamp":"Sunday, 12-02-2023 06:19:16 AM"}
{"level":"info","message":"Connection with Mongodb Succesfull","service":"IMS-Backend","timestamp":"Sunday, 12-02-2023 06:19:17 AM"}
{"level":"info","message":"Server now listening at http://localhost:5000","service":"IMS-Backend","timestamp":"Sunday, 12-02-2023 06:21:46 AM"}
{"level":"info","message":"Connection with Mongodb Succesfull","service":"IMS-Backend","timestamp":"Sunday, 12-02-2023 06:21:47 AM"}
{"level":"info","message":"Server now listening at http://localhost:5000","service":"IMS-Backend","timestamp":"Sunday, 12-02-2023 06:21:58 AM"}
{"level":"info","message":"Connection with Mongodb Succesfull","service":"IMS-Backend","timestamp":"Sunday, 12-02-2023 06:22:00 AM"}
{"level":"info","message":"Server now listening at http://localhost:5000","service":"IMS-Backend","timestamp":"Sunday, 12-02-2023 06:22:33 AM"}
{"level":"info","message":"Connection with Mongodb Succesfull","service":"IMS-Backend","timestamp":"Sunday, 12-02-2023 06:22:34 AM"}
{"level":"info","message":"Server now listening at http://localhost:5000","service":"IMS-Backend","timestamp":"Sunday, 12-02-2023 06:22:43 AM"}
{"level":"info","message":"Connection with Mongodb Succesfull","service":"IMS-Backend","timestamp":"Sunday, 12-02-2023 06:22:44 AM"}
{"level":"info","message":"Server now listening at http://localhost:5000","service":"IMS-Backend","timestamp":"Sunday, 12-02-2023 06:23:57 AM"}
{"level":"info","message":"Connection with Mongodb Succesfull","service":"IMS-Backend","timestamp":"Sunday, 12-02-2023 06:23:58 AM"}
{"level":"info","message":"Server now listening at http://localhost:5000","service":"IMS-Backend","timestamp":"Sunday, 12-02-2023 06:30:08 AM"}
{"level":"info","message":"Connection with Mongodb Succesfull","service":"IMS-Backend","timestamp":"Sunday, 12-02-2023 06:30:10 AM"}
{"level":"info","message":"Server now listening at http://localhost:5000","service":"IMS-Backend","timestamp":"Sunday, 12-02-2023 06:31:48 AM"}
{"level":"info","message":"Connection with Mongodb Succesfull","service":"IMS-Backend","timestamp":"Sunday, 12-02-2023 06:31:53 AM"}
{"level":"info","message":"Connection with Mongodb Succesfull","service":"IMS-Backend","timestamp":"Sunday, 12-02-2023 06:31:57 AM"}
{"level":"info","message":"userCredentials","service":"IMS-Backend","timestamp":"Sunday, 12-02-2023 06:33:07 AM"}
{"level":"info","message":"Connection with Mongodb Succesfull","service":"IMS-Backend","timestamp":"Sunday, 12-02-2023 06:33:51 AM"}
{"level":"info","message":"userCredentials","service":"IMS-Backend","timestamp":"Sunday, 12-02-2023 06:33:56 AM"}
{"level":"info","message":"Connection with Mongodb Succesfull","service":"IMS-Backend","timestamp":"Sunday, 12-02-2023 06:34:08 AM"}
{"level":"info","message":"userCredentials","service":"IMS-Backend","timestamp":"Sunday, 12-02-2023 06:34:09 AM"}
{"level":"info","message":"Connection with Mongodb Succesfull","service":"IMS-Backend","timestamp":"Sunday, 12-02-2023 06:36:06 AM"}
{"level":"info","message":"Connection with Mongodb Succesfull","service":"IMS-Backend","timestamp":"Sunday, 12-02-2023 06:36:19 AM"}
{"level":"info","message":"userCredentials","service":"IMS-Backend","timestamp":"Sunday, 12-02-2023 06:36:20 AM"}
{"level":"info","message":"Connection with Mongodb Succesfull","service":"IMS-Backend","timestamp":"Sunday, 12-02-2023 06:37:38 AM"}
{"level":"info","message":"Connection with Mongodb Succesfull","service":"IMS-Backend","timestamp":"Sunday, 12-02-2023 06:37:41 AM"}
{"level":"info","message":"Connection with Mongodb Succesfull","service":"IMS-Backend","timestamp":"Sunday, 12-02-2023 06:37:46 AM"}
{"level":"info","message":"Connection with Mongodb Succesfull","service":"IMS-Backend","timestamp":"Sunday, 12-02-2023 06:37:51 AM"}
{"level":"info","message":"Connection with Mongodb Succesfull","service":"IMS-Backend","timestamp":"Sunday, 12-02-2023 06:39:41 AM"}
{"level":"info","message":"userCredentials","service":"IMS-Backend","timestamp":"Sunday, 12-02-2023 06:39:42 AM"}
{"level":"info","message":"Connection with Mongodb Succesfull","service":"IMS-Backend","timestamp":"Sunday, 12-02-2023 06:40:21 AM"}
{"level":"info","message":"Connection with Mongodb Succesfull","service":"IMS-Backend","timestamp":"Sunday, 12-02-2023 06:40:33 AM"}
{"level":"info","message":"Connection with Mongodb Succesfull","service":"IMS-Backend","timestamp":"Sunday, 12-02-2023 06:40:38 AM"}
{"level":"info","message":"Connection with Mongodb Succesfull","service":"IMS-Backend","timestamp":"Sunday, 12-02-2023 06:40:42 AM"}
{"level":"info","message":"userCredentials","service":"IMS-Backend","timestamp":"Sunday, 12-02-2023 06:40:42 AM"}
{"level":"info","message":"Connection with Mongodb Succesfull","service":"IMS-Backend","timestamp":"Sunday, 12-02-2023 06:40:57 AM"}
{"level":"info","message":"userCredentials","service":"IMS-Backend","timestamp":"Sunday, 12-02-2023 06:41:08 AM"}
{"level":"info","message":"Connection with Mongodb Succesfull","service":"IMS-Backend","timestamp":"Sunday, 12-02-2023 06:41:08 AM"}
{"level":"error","message":"Invalid Login","service":"IMS-Backend","timestamp":"Sunday, 12-02-2023 06:41:09 AM"}
{"level":"info","message":"Connection with Mongodb Succesfull","service":"IMS-Backend","timestamp":"Sunday, 12-02-2023 06:41:24 AM"}
{"level":"info","message":"Connection with Mongodb Succesfull","service":"IMS-Backend","timestamp":"Sunday, 12-02-2023 06:42:41 AM"}
{"level":"info","message":"Connection with Mongodb Succesfull","service":"IMS-Backend","timestamp":"Sunday, 12-02-2023 06:42:47 AM"}
{"level":"info","message":"Connection with Mongodb Succesfull","service":"IMS-Backend","timestamp":"Sunday, 12-02-2023 06:42:54 AM"}
{"level":"error","message":"Invalid Login","service":"IMS-Backend","timestamp":"Sunday, 12-02-2023 06:42:55 AM"}
{"level":"info","message":"Connection with Mongodb Succesfull","service":"IMS-Backend","timestamp":"Sunday, 12-02-2023 06:43:09 AM"}
{"level":"info","message":"Connection with Mongodb Succesfull","service":"IMS-Backend","timestamp":"Sunday, 12-02-2023 06:43:39 AM"}
{"level":"info","message":"Connection with Mongodb Succesfull","service":"IMS-Backend","timestamp":"Sunday, 12-02-2023 06:43:44 AM"}
{"level":"info","message":"Connection with Mongodb Succesfull","service":"IMS-Backend","timestamp":"Sunday, 12-02-2023 06:44:19 AM"}
{"level":"info","message":"Connection with Mongodb Succesfull","service":"IMS-Backend","timestamp":"Sunday, 12-02-2023 06:44:35 AM"}
{"level":"info","message":"Connection with Mongodb Succesfull","service":"IMS-Backend","timestamp":"Sunday, 12-02-2023 06:47:56 AM"}
{"level":"info","message":"Connection with Mongodb Succesfull","service":"IMS-Backend","timestamp":"Sunday, 12-02-2023 06:48:30 AM"}
{"level":"info","message":"Connection with Mongodb Succesfull","service":"IMS-Backend","timestamp":"Sunday, 12-02-2023 06:53:54 AM"}
{"level":"info","message":"Connection with Mongodb Succesfull","service":"IMS-Backend","timestamp":"Sunday, 12-02-2023 06:54:51 AM"}
{"level":"info","message":"Connection with Mongodb Succesfull","service":"IMS-Backend","timestamp":"Sunday, 12-02-2023 06:54:58 AM"}
{"level":"info","message":"Connection with Mongodb Succesfull","service":"IMS-Backend","timestamp":"Sunday, 12-02-2023 06:58:00 AM"}
{"level":"info","message":"Connection with Mongodb Succesfull","service":"IMS-Backend","timestamp":"Sunday, 12-02-2023 06:59:01 AM"}
{"level":"info","message":"Connection with Mongodb Succesfull","service":"IMS-Backend","timestamp":"Sunday, 12-02-2023 07:01:16 AM"}
{"level":"info","message":"Connection with Mongodb Succesfull","service":"IMS-Backend","timestamp":"Sunday, 12-02-2023 07:01:20 AM"}
{"level":"error","message":"AdminService.adminLogin: TypeError: AdminRepository.adminLogin is not a function","service":"IMS-Backend","timestamp":"Sunday, 12-02-2023 07:01:26 AM"}
{"level":"error","message":"AdminService.adminLogin: TypeError: AdminRepository.adminLogin is not a function","service":"IMS-Backend","timestamp":"Sunday, 12-02-2023 07:03:58 AM"}
{"level":"error","message":"AdminService.adminLogin: TypeError: AdminRepository.adminLogin is not a function","service":"IMS-Backend","timestamp":"Sunday, 12-02-2023 07:04:03 AM"}
{"level":"info","message":"Connection with Mongodb Succesfull","service":"IMS-Backend","timestamp":"Sunday, 12-02-2023 07:05:01 AM"}
{"level":"error","message":"AdminService.adminLogin: TypeError: AdminRepository.adminLogin is not a function","service":"IMS-Backend","timestamp":"Sunday, 12-02-2023 07:05:03 AM"}
{"level":"info","message":"Connection with Mongodb Succesfull","service":"IMS-Backend","timestamp":"Sunday, 12-02-2023 07:06:37 AM"}
{"level":"error","message":"AdminService.adminLogin: TypeError: AdminRepository.adminLogin is not a function","service":"IMS-Backend","timestamp":"Sunday, 12-02-2023 07:07:14 AM"}
{"level":"info","message":"Connection with Mongodb Succesfull","service":"IMS-Backend","timestamp":"Sunday, 12-02-2023 07:09:05 AM"}
{"level":"info","message":"Connection with Mongodb Succesfull","service":"IMS-Backend","timestamp":"Sunday, 12-02-2023 07:09:11 AM"}
{"level":"info","message":"Connection with Mongodb Succesfull","service":"IMS-Backend","timestamp":"Sunday, 12-02-2023 07:09:16 AM"}
{"level":"info","message":"Connection with Mongodb Succesfull","service":"IMS-Backend","timestamp":"Sunday, 12-02-2023 07:09:20 AM"}
{"level":"info","message":"Connection with Mongodb Succesfull","service":"IMS-Backend","timestamp":"Sunday, 12-02-2023 07:09:26 AM"}
{"level":"info","message":"Connection with Mongodb Succesfull","service":"IMS-Backend","timestamp":"Sunday, 12-02-2023 07:09:31 AM"}
{"level":"info","message":"Connection with Mongodb Succesfull","service":"IMS-Backend","timestamp":"Sunday, 12-02-2023 07:09:40 AM"}
{"level":"info","message":"Retrieved admin details with email admin@gmail.com","service":"IMS-Backend","timestamp":"Sunday, 12-02-2023 07:09:43 AM"}
{"level":"info","message":"Connection with Mongodb Succesfull","service":"IMS-Backend","timestamp":"Sunday, 12-02-2023 07:09:48 AM"}
{"level":"info","message":"Connection with Mongodb Succesfull","service":"IMS-Backend","timestamp":"Sunday, 12-02-2023 07:10:00 AM"}
{"level":"info","message":"Connection with Mongodb Succesfull","service":"IMS-Backend","timestamp":"Sunday, 12-02-2023 07:10:02 AM"}
{"level":"info","message":"Connection with Mongodb Succesfull","service":"IMS-Backend","timestamp":"Sunday, 12-02-2023 07:10:39 AM"}
{"level":"info","message":"Connection with Mongodb Succesfull","service":"IMS-Backend","timestamp":"Sunday, 12-02-2023 07:10:45 AM"}
{"level":"info","message":"Connection with Mongodb Succesfull","service":"IMS-Backend","timestamp":"Sunday, 12-02-2023 07:10:51 AM"}
{"level":"info","message":"Connection with Mongodb Succesfull","service":"IMS-Backend","timestamp":"Sunday, 12-02-2023 07:10:59 AM"}
{"level":"info","message":"Connection with Mongodb Succesfull","service":"IMS-Backend","timestamp":"Sunday, 12-02-2023 07:11:03 AM"}
{"level":"info","message":"Connection with Mongodb Succesfull","service":"IMS-Backend","timestamp":"Sunday, 12-02-2023 07:11:15 AM"}
{"level":"info","message":"Connection with Mongodb Succesfull","service":"IMS-Backend","timestamp":"Sunday, 12-02-2023 07:11:32 AM"}
{"level":"info","message":"Retrieved admin details with email admin@gmail.com","service":"IMS-Backend","timestamp":"Sunday, 12-02-2023 07:11:36 AM"}
{"level":"info","message":"Connection with Mongodb Succesfull","service":"IMS-Backend","timestamp":"Sunday, 12-02-2023 07:11:48 AM"}
{"level":"info","message":"Connection with Mongodb Succesfull","service":"IMS-Backend","timestamp":"Sunday, 12-02-2023 07:11:51 AM"}
{"level":"info","message":"Connection with Mongodb Succesfull","service":"IMS-Backend","timestamp":"Sunday, 12-02-2023 07:12:34 AM"}
{"level":"info","message":"Connection with Mongodb Succesfull","service":"IMS-Backend","timestamp":"Sunday, 12-02-2023 07:13:36 AM"}
{"level":"info","message":"Connection with Mongodb Succesfull","service":"IMS-Backend","timestamp":"Sunday, 12-02-2023 07:14:31 AM"}
{"level":"info","message":"Connection with Mongodb Succesfull","service":"IMS-Backend","timestamp":"Sunday, 12-02-2023 07:14:39 AM"}
{"level":"info","message":"Connection with Mongodb Succesfull","service":"IMS-Backend","timestamp":"Sunday, 12-02-2023 07:14:44 AM"}
