{"level":"error","message":"Connection with the Mongodb Unsuccesful","service":"IMS-Backend","timestamp":"Sunday, 12-02-2023 08:20:58 AM"}
{"level":"error","message":"Data Not Found","service":"IMS-Backend","timestamp":"Sunday, 12-02-2023 08:25:11 AM"}
{"level":"error","message":"Data Not Found","service":"IMS-Backend","timestamp":"Sunday, 12-02-2023 08:26:26 AM"}
{"level":"error","message":"Data Not Found","service":"IMS-Backend","timestamp":"Sunday, 12-02-2023 08:28:25 AM"}
{"level":"error","message":"Data Not Found","service":"IMS-Backend","timestamp":"Sunday, 12-02-2023 08:30:36 AM"}
{"level":"error","message":"Data Not Found","service":"IMS-Backend","timestamp":"Sunday, 12-02-2023 08:33:42 AM"}
{"level":"error","message":"Data Not Found","service":"IMS-Backend","timestamp":"Sunday, 12-02-2023 08:34:02 AM"}
{"level":"error","message":"Data Not Found","service":"IMS-Backend","timestamp":"Sunday, 12-02-2023 08:34:35 AM"}
{"level":"error","message":"Data Not Found","service":"IMS-Backend","timestamp":"Sunday, 12-02-2023 08:37:21 AM"}
{"level":"error","message":"Data Not Found","service":"IMS-Backend","timestamp":"Sunday, 12-02-2023 08:38:19 AM"}
{"level":"error","message":"Data Not Found","service":"IMS-Backend","timestamp":"Sunday, 12-02-2023 08:39:21 AM"}
{"level":"error","message":"Data Not Found","service":"IMS-Backend","timestamp":"Sunday, 12-02-2023 08:40:44 AM"}
{"level":"error","message":"Data Not Found","service":"IMS-Backend","timestamp":"Sunday, 12-02-2023 08:41:31 AM"}
{"level":"error","message":"Data Not Found","service":"IMS-Backend","timestamp":"Sunday, 12-02-2023 08:42:07 AM"}
{"level":"error","message":"Data Not Found","service":"IMS-Backend","timestamp":"Sunday, 12-02-2023 08:44:22 AM"}
{"level":"error","message":"Data Not Found","service":"IMS-Backend","timestamp":"Sunday, 12-02-2023 08:45:50 AM"}
{"level":"error","message":"Data Not Found","service":"IMS-Backend","timestamp":"Sunday, 12-02-2023 08:48:14 AM"}
{"level":"error","message":"409: Duplicate Entry","service":"IMS-Backend","timestamp":"Monday, 13-02-2023 01:06:57 AM"}
{"level":"error","message":"Couldn't Perform The Operation","service":"IMS-Backend","timestamp":"Monday, 13-02-2023 04:53:06 AM"}
{"level":"error","message":"Data Not Found","service":"IMS-Backend","timestamp":"Monday, 13-02-2023 15:53:01 PM"}
{"level":"error","message":"Data Not Found","service":"IMS-Backend","timestamp":"Monday, 13-02-2023 15:53:24 PM"}
{"level":"error","message":"Data Not Found","service":"IMS-Backend","timestamp":"Monday, 13-02-2023 15:53:37 PM"}
{"level":"error","message":"409: Duplicate Entry","service":"IMS-Backend","timestamp":"Monday, 13-02-2023 16:09:00 PM"}
{"level":"error","message":"404: Data Not Found","service":"IMS-Backend","timestamp":"Monday, 13-02-2023 16:09:22 PM"}
{"level":"error","message":"404: Data Not Found","service":"IMS-Backend","timestamp":"Monday, 13-02-2023 16:13:14 PM"}
{"level":"error","message":"Data Not Found","service":"IMS-Backend","timestamp":"Monday, 13-02-2023 18:26:05 PM"}
{"level":"error","message":"Data Not Found","service":"IMS-Backend","timestamp":"Monday, 13-02-2023 18:26:25 PM"}
{"level":"error","message":"Data Not Found","service":"IMS-Backend","timestamp":"Monday, 13-02-2023 18:26:45 PM"}
{"level":"error","message":"Data Not Found","service":"IMS-Backend","timestamp":"Monday, 13-02-2023 18:39:09 PM"}
{"level":"error","message":"Data Not Found","service":"IMS-Backend","timestamp":"Monday, 13-02-2023 18:40:04 PM"}
{"level":"error","message":"Data Not Found","service":"IMS-Backend","timestamp":"Monday, 13-02-2023 18:40:04 PM"}
{"level":"error","message":"Data Not Found","service":"IMS-Backend","timestamp":"Monday, 13-02-2023 18:41:02 PM"}
{"level":"error","message":"Data Not Found","service":"IMS-Backend","timestamp":"Monday, 13-02-2023 18:41:24 PM"}
{"level":"error","message":"Data Not Found","service":"IMS-Backend","timestamp":"Monday, 13-02-2023 18:41:44 PM"}
{"level":"error","message":"Data Not Found","service":"IMS-Backend","timestamp":"Monday, 13-02-2023 18:42:01 PM"}
{"level":"error","message":"Data Not Found","service":"IMS-Backend","timestamp":"Monday, 13-02-2023 18:42:16 PM"}
{"level":"error","message":"Data Not Found","service":"IMS-Backend","timestamp":"Monday, 13-02-2023 18:42:26 PM"}
{"level":"error","message":"Data Not Found","service":"IMS-Backend","timestamp":"Monday, 13-02-2023 18:43:03 PM"}
{"level":"error","message":"Data Not Found","service":"IMS-Backend","timestamp":"Monday, 13-02-2023 18:43:39 PM"}
{"level":"error","message":"Data Not Found","service":"IMS-Backend","timestamp":"Monday, 13-02-2023 18:44:04 PM"}
{"level":"error","message":"Data Not Found","service":"IMS-Backend","timestamp":"Monday, 13-02-2023 18:44:21 PM"}
{"level":"error","message":"404Failed to Add Fee ","service":"IMS-Backend","timestamp":"Tuesday, 14-02-2023 13:26:40 PM"}
{"level":"error","message":"404Failed to Add Fee ","service":"IMS-Backend","timestamp":"Tuesday, 14-02-2023 13:30:17 PM"}
{"level":"error","message":"404Failed to Add Fee ","service":"IMS-Backend","timestamp":"Tuesday, 14-02-2023 13:31:05 PM"}
{"level":"error","message":"404Failed to Add Fee ","service":"IMS-Backend","timestamp":"Tuesday, 14-02-2023 14:11:09 PM"}
{"level":"error","message":"404 Failed to Add Fee ","service":"IMS-Backend","timestamp":"Tuesday, 14-02-2023 14:12:12 PM"}
{"level":"error","message":"404 Failed to Add Fee ","service":"IMS-Backend","timestamp":"Tuesday, 14-02-2023 14:12:57 PM"}
{"level":"error","message":"404 Failed to Add Fee ","service":"IMS-Backend","timestamp":"Tuesday, 14-02-2023 14:13:52 PM"}
{"level":"error","message":"404 Failed to Add Fee ","service":"IMS-Backend","timestamp":"Tuesday, 14-02-2023 14:14:31 PM"}
{"level":"error","message":"404 Failed to Add Fee ","service":"IMS-Backend","timestamp":"Tuesday, 14-02-2023 14:15:08 PM"}
{"level":"error","message":"404 Failed to Add Fee ","service":"IMS-Backend","timestamp":"Tuesday, 14-02-2023 14:15:17 PM"}
{"level":"error","message":"404 Failed to Add Fee ","service":"IMS-Backend","timestamp":"Tuesday, 14-02-2023 14:15:58 PM"}
{"level":"error","message":"404 Failed to Add Fee ","service":"IMS-Backend","timestamp":"Tuesday, 14-02-2023 14:16:51 PM"}
{"level":"error","message":"404 Failed to Add Fee ","service":"IMS-Backend","timestamp":"Tuesday, 14-02-2023 14:19:19 PM"}
{"level":"error","message":"404 Failed to Add Fee ","service":"IMS-Backend","timestamp":"Tuesday, 14-02-2023 14:22:41 PM"}
{"level":"error","message":"404 Failed to Add Fee ","service":"IMS-Backend","timestamp":"Tuesday, 14-02-2023 14:22:58 PM"}
{"level":"error","message":"404 Failed to Add Fee ","service":"IMS-Backend","timestamp":"Tuesday, 14-02-2023 14:24:54 PM"}
{"level":"error","message":"404 Failed to Add Fee ","service":"IMS-Backend","timestamp":"Tuesday, 14-02-2023 14:26:27 PM"}
{"level":"error","message":"404 Failed to Add Fee ","service":"IMS-Backend","timestamp":"Tuesday, 14-02-2023 14:26:28 PM"}
{"level":"error","message":"404 Failed to Add Fee ","service":"IMS-Backend","timestamp":"Tuesday, 14-02-2023 14:28:55 PM"}
{"level":"error","message":"404 Failed to Add Fee ","service":"IMS-Backend","timestamp":"Tuesday, 14-02-2023 14:29:23 PM"}
{"level":"error","message":"404 Failed to Add Fee ","service":"IMS-Backend","timestamp":"Tuesday, 14-02-2023 14:30:00 PM"}
{"level":"error","message":"404 Failed to Add Fee ","service":"IMS-Backend","timestamp":"Tuesday, 14-02-2023 14:30:54 PM"}
{"level":"error","message":"404 Failed to Add Fee ","service":"IMS-Backend","timestamp":"Tuesday, 14-02-2023 14:32:12 PM"}
{"level":"error","message":"404 Failed to Add Fee ","service":"IMS-Backend","timestamp":"Tuesday, 14-02-2023 14:33:50 PM"}
{"level":"error","message":"404 Failed to Add Fee ","service":"IMS-Backend","timestamp":"Tuesday, 14-02-2023 14:34:01 PM"}
{"level":"error","message":"404 Failed to Add Fee ","service":"IMS-Backend","timestamp":"Tuesday, 14-02-2023 14:35:52 PM"}
{"level":"error","message":"404 Failed to Add Fee ","service":"IMS-Backend","timestamp":"Tuesday, 14-02-2023 14:37:32 PM"}
{"level":"error","message":"404 Failed to Add Fee ","service":"IMS-Backend","timestamp":"Tuesday, 14-02-2023 14:38:07 PM"}
{"level":"error","message":"404 Failed to Add Fee ","service":"IMS-Backend","timestamp":"Tuesday, 14-02-2023 14:38:14 PM"}
{"level":"error","message":"404 Failed to Add Fee ","service":"IMS-Backend","timestamp":"Tuesday, 14-02-2023 14:39:34 PM"}
{"level":"error","message":"404 Failed to Add Fee ","service":"IMS-Backend","timestamp":"Tuesday, 14-02-2023 14:41:02 PM"}
{"level":"error","message":"409: Duplicate Entry","service":"IMS-Backend","timestamp":"Tuesday, 14-02-2023 15:21:45 PM"}
{"level":"error","message":"409: Duplicate Entry","service":"IMS-Backend","timestamp":"Tuesday, 14-02-2023 15:21:56 PM"}
{"level":"error","message":"404: Data Not Found","service":"IMS-Backend","timestamp":"Tuesday, 14-02-2023 15:24:18 PM"}
{"level":"error","message":"Admin Login Failed","service":"IMS-Backend","timestamp":"Tuesday, 14-02-2023 17:48:37 PM"}
